<?xml version="1.0" encoding="UTF-8"?>
<!-- Generated by org.testng.reporters.JUnitXMLReporter -->
<testsuite hostname="ff-f" name="Test1" tests="4" failures="0" timestamp="9 Sep 2015 20:31:43 GMT" time="126.655" errors="0">
  <testcase name="testUntitled" time="4.829" classname="ru.st.selenium.CreateDiscriptionFilmtest"/>
  <testcase name="testUntitled" time="30.14" classname="ru.st.selenium.CreateDiscriptionFilmWithOutTitletest"/>
  <testcase name="testUntitled" time="28.099" classname="ru.st.selenium.CreateDiscriptionFilmWithOutYeartest"/>
  <testcase name="testUntitled" time="32.34" classname="ru.st.selenium.RemoveDisctiptionFilm"/>
</testsuite> <!-- Test1 -->
