<?xml version="1.0" encoding="UTF-8"?>
<!-- Generated by org.testng.reporters.JUnitXMLReporter -->
<testsuite hostname="ff-f" name="Test1" tests="4" failures="0" timestamp="9 Sep 2015 20:25:49 GMT" time="153.761" errors="0">
  <testcase name="testUntitled" time="4.297" classname="ru.st.selenium.CreateDiscriptionFilmtest"/>
  <testcase name="testUntitled" time="28.901" classname="ru.st.selenium.CreateDiscriptionFilmWithOutTitletest"/>
  <testcase name="testUntitled" time="37.306" classname="ru.st.selenium.CreateDiscriptionFilmWithOutYeartest"/>
  <testcase name="testUntitled" time="37.699" classname="ru.st.selenium.RemoveDisctiptionFilm"/>
</testsuite> <!-- Test1 -->
