<?xml version="1.0" encoding="UTF-8"?>
<testng-results skipped="0" failed="1" total="6" passed="5">
  <reporter-output>
  </reporter-output>
  <suite name="Tests" duration-ms="74500" started-at="2015-09-23T21:42:22Z" finished-at="2015-09-23T21:43:37Z">
    <groups>
    </groups>
    <test name="Test1" duration-ms="74500" started-at="2015-09-23T21:42:22Z" finished-at="2015-09-23T21:43:37Z">
      <class name="ru.st.selenium.searchNothingtest">
        <test-method status="PASS" signature="init()[pri:0, instance:ru.st.selenium.searchNothingtest@73f792cf]" name="init" is-config="true" duration-ms="10" started-at="2015-09-24T00:43:05Z" finished-at="2015-09-24T00:43:05Z">
          <reporter-output>
          </reporter-output>
        </test-method> <!-- init -->
        <test-method status="PASS" signature="testUntitled()[pri:0, instance:ru.st.selenium.searchNothingtest@73f792cf]" name="testUntitled" duration-ms="1403" started-at="2015-09-24T00:43:05Z" finished-at="2015-09-24T00:43:06Z">
          <reporter-output>
          </reporter-output>
        </test-method> <!-- testUntitled -->
      </class> <!-- ru.st.selenium.searchNothingtest -->
      <class name="ru.st.selenium.CreateDiscriptionFilmWithOutYeartest">
        <test-method status="PASS" signature="init()[pri:0, instance:ru.st.selenium.CreateDiscriptionFilmWithOutYeartest@6bf256fa]" name="init" is-config="true" duration-ms="46" started-at="2015-09-24T00:42:59Z" finished-at="2015-09-24T00:42:59Z">
          <reporter-output>
          </reporter-output>
        </test-method> <!-- init -->
        <test-method status="PASS" signature="testUntitled()[pri:0, instance:ru.st.selenium.CreateDiscriptionFilmWithOutYeartest@6bf256fa]" name="testUntitled" duration-ms="2686" started-at="2015-09-24T00:42:59Z" finished-at="2015-09-24T00:43:02Z">
          <reporter-output>
          </reporter-output>
        </test-method> <!-- testUntitled -->
        <test-method status="PASS" signature="tearDown()[pri:0, instance:ru.st.selenium.CreateDiscriptionFilmWithOutYeartest@6bf256fa]" name="tearDown" is-config="true" duration-ms="7095" started-at="2015-09-24T00:43:37Z" finished-at="2015-09-24T00:43:44Z">
          <reporter-output>
          </reporter-output>
        </test-method> <!-- tearDown -->
      </class> <!-- ru.st.selenium.CreateDiscriptionFilmWithOutYeartest -->
      <class name="ru.st.selenium.searchsucsessfilmresult">
        <test-method status="PASS" signature="init()[pri:0, instance:ru.st.selenium.searchsucsessfilmresult@38082d64]" name="init" is-config="true" duration-ms="62" started-at="2015-09-24T00:43:06Z" finished-at="2015-09-24T00:43:06Z">
          <reporter-output>
          </reporter-output>
        </test-method> <!-- init -->
        <test-method status="FAIL" signature="testUntitled()[pri:0, instance:ru.st.selenium.searchsucsessfilmresult@38082d64]" name="testUntitled" duration-ms="30547" started-at="2015-09-24T00:43:06Z" finished-at="2015-09-24T00:43:37Z">
          <exception class="org.openqa.selenium.TimeoutException">
            <message>
              <![CDATA[Timed out after 30 seconds waiting for presence of element located by: By.id: username
Build info: version: '2.47.1', revision: 'unknown', time: '2015-07-30 11:02:44'
System info: host: 'ff-f', ip: '192.168.56.1', os.name: 'Windows 7', os.arch: 'amd64', os.version: '6.1', java.version: '1.8.0_45'
Driver info: org.openqa.selenium.firefox.FirefoxDriver
Capabilities [{applicationCacheEnabled=true, rotatable=false, handlesAlerts=true, databaseEnabled=true, version=40.0.3, platform=WINDOWS, nativeEvents=false, acceptSslCerts=true, webStorageEnabled=true, locationContextEnabled=true, browserName=firefox, takesScreenshot=true, javascriptEnabled=true, cssSelectorsEnabled=true}]
Session ID: 3cff554a-e015-4c82-9d9c-09ef8497ab7b]]>
            </message>
            <full-stacktrace>
              <![CDATA[org.openqa.selenium.TimeoutException: Timed out after 30 seconds waiting for presence of element located by: By.id: username
Build info: version: '2.47.1', revision: 'unknown', time: '2015-07-30 11:02:44'
System info: host: 'ff-f', ip: '192.168.56.1', os.name: 'Windows 7', os.arch: 'amd64', os.version: '6.1', java.version: '1.8.0_45'
Driver info: org.openqa.selenium.firefox.FirefoxDriver
Capabilities [{applicationCacheEnabled=true, rotatable=false, handlesAlerts=true, databaseEnabled=true, version=40.0.3, platform=WINDOWS, nativeEvents=false, acceptSslCerts=true, webStorageEnabled=true, locationContextEnabled=true, browserName=firefox, takesScreenshot=true, javascriptEnabled=true, cssSelectorsEnabled=true}]
Session ID: 3cff554a-e015-4c82-9d9c-09ef8497ab7b
	at org.openqa.selenium.support.ui.WebDriverWait.timeoutException(WebDriverWait.java:80)
	at org.openqa.selenium.support.ui.FluentWait.until(FluentWait.java:229)
	at ru.st.selenium.searchsucsessfilmresult.testUntitled(searchsucsessfilmresult.java:27)
	at sun.reflect.NativeMethodAccessorImpl.invoke0(Native Method)
	at sun.reflect.NativeMethodAccessorImpl.invoke(NativeMethodAccessorImpl.java:62)
	at sun.reflect.DelegatingMethodAccessorImpl.invoke(DelegatingMethodAccessorImpl.java:43)
	at java.lang.reflect.Method.invoke(Method.java:497)
	at org.testng.internal.MethodInvocationHelper.invokeMethod(MethodInvocationHelper.java:85)
	at org.testng.internal.Invoker.invokeMethod(Invoker.java:659)
	at org.testng.internal.Invoker.invokeTestMethod(Invoker.java:845)
	at org.testng.internal.Invoker.invokeTestMethods(Invoker.java:1153)
	at org.testng.internal.TestMethodWorker.invokeTestMethods(TestMethodWorker.java:125)
	at org.testng.internal.TestMethodWorker.run(TestMethodWorker.java:108)
	at org.testng.TestRunner.privateRun(TestRunner.java:771)
	at org.testng.TestRunner.run(TestRunner.java:621)
	at org.testng.SuiteRunner.runTest(SuiteRunner.java:357)
	at org.testng.SuiteRunner.runSequentially(SuiteRunner.java:352)
	at org.testng.SuiteRunner.privateRun(SuiteRunner.java:310)
	at org.testng.SuiteRunner.run(SuiteRunner.java:259)
	at org.testng.SuiteRunnerWorker.runSuite(SuiteRunnerWorker.java:52)
	at org.testng.SuiteRunnerWorker.run(SuiteRunnerWorker.java:86)
	at org.testng.TestNG.runSuitesSequentially(TestNG.java:1199)
	at org.testng.TestNG.runSuitesLocally(TestNG.java:1124)
	at org.testng.TestNG.run(TestNG.java:1032)
	at org.apache.maven.surefire.testng.TestNGExecutor.run(TestNGExecutor.java:217)
	at org.apache.maven.surefire.testng.TestNGXmlTestSuite.execute(TestNGXmlTestSuite.java:84)
	at org.apache.maven.surefire.testng.TestNGProvider.invoke(TestNGProvider.java:92)
	at org.apache.maven.surefire.booter.ForkedBooter.invokeProviderInSameClassLoader(ForkedBooter.java:200)
	at org.apache.maven.surefire.booter.ForkedBooter.runSuitesInProcess(ForkedBooter.java:153)
	at org.apache.maven.surefire.booter.ForkedBooter.main(ForkedBooter.java:103)
Caused by: org.openqa.selenium.NoSuchElementException: Unable to locate element: {"method":"id","selector":"username"}
Command duration or timeout: 30.10 seconds
For documentation on this error, please visit: http://seleniumhq.org/exceptions/no_such_element.html
Build info: version: '2.47.1', revision: 'unknown', time: '2015-07-30 11:02:44'
System info: host: 'ff-f', ip: '192.168.56.1', os.name: 'Windows 7', os.arch: 'amd64', os.version: '6.1', java.version: '1.8.0_45'
Driver info: org.openqa.selenium.firefox.FirefoxDriver
Capabilities [{applicationCacheEnabled=true, rotatable=false, handlesAlerts=true, databaseEnabled=true, version=40.0.3, platform=WINDOWS, nativeEvents=false, acceptSslCerts=true, webStorageEnabled=true, locationContextEnabled=true, browserName=firefox, takesScreenshot=true, javascriptEnabled=true, cssSelectorsEnabled=true}]
Session ID: 3cff554a-e015-4c82-9d9c-09ef8497ab7b
*** Element info: {Using=id, value=username}
	at sun.reflect.NativeConstructorAccessorImpl.newInstance0(Native Method)
	at sun.reflect.NativeConstructorAccessorImpl.newInstance(NativeConstructorAccessorImpl.java:62)
	at sun.reflect.DelegatingConstructorAccessorImpl.newInstance(DelegatingConstructorAccessorImpl.java:45)
	at java.lang.reflect.Constructor.newInstance(Constructor.java:422)
	at org.openqa.selenium.remote.ErrorHandler.createThrowable(ErrorHandler.java:206)
	at org.openqa.selenium.remote.ErrorHandler.throwIfResponseFailed(ErrorHandler.java:158)
	at org.openqa.selenium.remote.RemoteWebDriver.execute(RemoteWebDriver.java:595)
	at org.openqa.selenium.remote.RemoteWebDriver.findElement(RemoteWebDriver.java:348)
	at org.openqa.selenium.remote.RemoteWebDriver.findElementById(RemoteWebDriver.java:389)
	at org.openqa.selenium.By$ById.findElement(By.java:215)
	at org.openqa.selenium.remote.RemoteWebDriver.findElement(RemoteWebDriver.java:340)
	at org.openqa.selenium.support.ui.ExpectedConditions.findElement(ExpectedConditions.java:861)
	at org.openqa.selenium.support.ui.ExpectedConditions.access$000(ExpectedConditions.java:41)
	at org.openqa.selenium.support.ui.ExpectedConditions$6.apply(ExpectedConditions.java:181)
	at org.openqa.selenium.support.ui.ExpectedConditions$6.apply(ExpectedConditions.java:178)
	at org.openqa.selenium.support.ui.FluentWait.until(FluentWait.java:209)
	... 28 more
Caused by: org.openqa.selenium.NoSuchElementException: Unable to locate element: {"method":"id","selector":"username"}
For documentation on this error, please visit: http://seleniumhq.org/exceptions/no_such_element.html
Build info: version: '2.47.1', revision: 'unknown', time: '2015-07-30 11:02:44'
System info: host: 'ff-f', ip: '192.168.56.1', os.name: 'Windows 7', os.arch: 'amd64', os.version: '6.1', java.version: '1.8.0_45'
Driver info: driver.version: unknown
	at <anonymous class>.FirefoxDriver.prototype.findElementInternal_(file:///C:/Users/goga/AppData/Local/Temp/anonymous1484087377129253973webdriver-profile/extensions/fxdriver@googlecode.com/components/driver-component.js:10667)
	at <anonymous class>.fxdriver.Timer.prototype.setTimeout/<.notify(file:///C:/Users/goga/AppData/Local/Temp/anonymous1484087377129253973webdriver-profile/extensions/fxdriver@googlecode.com/components/driver-component.js:623)
]]>
            </full-stacktrace>
          </exception> <!-- org.openqa.selenium.TimeoutException -->
          <reporter-output>
          </reporter-output>
        </test-method> <!-- testUntitled -->
      </class> <!-- ru.st.selenium.searchsucsessfilmresult -->
      <class name="ru.st.selenium.CreateDiscriptionFilmtest">
        <test-method status="PASS" signature="init()[pri:0, instance:ru.st.selenium.CreateDiscriptionFilmtest@2ed94a8b]" name="init" is-config="true" duration-ms="27943" started-at="2015-09-24T00:42:22Z" finished-at="2015-09-24T00:42:50Z">
          <reporter-output>
          </reporter-output>
        </test-method> <!-- init -->
        <test-method status="PASS" signature="testUntitled()[pri:0, instance:ru.st.selenium.CreateDiscriptionFilmtest@2ed94a8b]" name="testUntitled" duration-ms="6170" started-at="2015-09-24T00:42:50Z" finished-at="2015-09-24T00:42:56Z">
          <reporter-output>
          </reporter-output>
        </test-method> <!-- testUntitled -->
      </class> <!-- ru.st.selenium.CreateDiscriptionFilmtest -->
      <class name="ru.st.selenium.CreateDiscriptionFilmWithOutTitletest">
        <test-method status="PASS" signature="init()[pri:0, instance:ru.st.selenium.CreateDiscriptionFilmWithOutTitletest@42d3bd8b]" name="init" is-config="true" duration-ms="316" started-at="2015-09-24T00:42:56Z" finished-at="2015-09-24T00:42:57Z">
          <reporter-output>
          </reporter-output>
        </test-method> <!-- init -->
        <test-method status="PASS" signature="testUntitled()[pri:0, instance:ru.st.selenium.CreateDiscriptionFilmWithOutTitletest@42d3bd8b]" name="testUntitled" duration-ms="2212" started-at="2015-09-24T00:42:57Z" finished-at="2015-09-24T00:42:59Z">
          <reporter-output>
          </reporter-output>
        </test-method> <!-- testUntitled -->
      </class> <!-- ru.st.selenium.CreateDiscriptionFilmWithOutTitletest -->
      <class name="ru.st.selenium.RemoveDisctiptionFilm">
        <test-method status="PASS" signature="init()[pri:0, instance:ru.st.selenium.RemoveDisctiptionFilm@dfd3711]" name="init" is-config="true" duration-ms="51" started-at="2015-09-24T00:43:02Z" finished-at="2015-09-24T00:43:02Z">
          <reporter-output>
          </reporter-output>
        </test-method> <!-- init -->
        <test-method status="PASS" signature="testUntitled()[pri:0, instance:ru.st.selenium.RemoveDisctiptionFilm@dfd3711]" name="testUntitled" duration-ms="3013" started-at="2015-09-24T00:43:02Z" finished-at="2015-09-24T00:43:05Z">
          <reporter-output>
          </reporter-output>
        </test-method> <!-- testUntitled -->
      </class> <!-- ru.st.selenium.RemoveDisctiptionFilm -->
    </test> <!-- Test1 -->
  </suite> <!-- Tests -->
</testng-results>
