<?xml version="1.0" encoding="UTF-8"?>
<testng-results skipped="0" failed="0" total="1" passed="1">
  <reporter-output>
  </reporter-output>
  <suite name="Default suite" duration-ms="68799" started-at="2015-09-15T19:03:05Z" finished-at="2015-09-15T19:04:14Z">
    <groups>
    </groups>
    <test name="Default test" duration-ms="68799" started-at="2015-09-15T19:03:05Z" finished-at="2015-09-15T19:04:14Z">
      <class name="ru.st.selenium.searchsucsessfilmresult">
        <test-method status="PASS" signature="init()[pri:0, instance:ru.st.selenium.searchsucsessfilmresult@75bd9247]" name="init" is-config="true" duration-ms="30809" started-at="2015-09-15T22:03:05Z" finished-at="2015-09-15T22:03:36Z">
          <reporter-output>
          </reporter-output>
        </test-method> <!-- init -->
        <test-method status="PASS" signature="testUntitled()[pri:0, instance:ru.st.selenium.searchsucsessfilmresult@75bd9247]" name="testUntitled" duration-ms="37974" started-at="2015-09-15T22:03:36Z" finished-at="2015-09-15T22:04:14Z">
          <reporter-output>
          </reporter-output>
        </test-method> <!-- testUntitled -->
        <test-method status="PASS" signature="tearDown()[pri:0, instance:ru.st.selenium.searchsucsessfilmresult@75bd9247]" name="tearDown" is-config="true" duration-ms="8478" started-at="2015-09-15T22:04:14Z" finished-at="2015-09-15T22:04:22Z">
          <reporter-output>
          </reporter-output>
        </test-method> <!-- tearDown -->
      </class> <!-- ru.st.selenium.searchsucsessfilmresult -->
    </test> <!-- Default test -->
  </suite> <!-- Default suite -->
</testng-results>
