<?xml version="1.0" encoding="UTF-8"?>
<testng-results skipped="0" failed="0" total="1" passed="1">
  <reporter-output>
  </reporter-output>
  <suite name="Tests" duration-ms="5708" started-at="2015-08-30T18:27:25Z" finished-at="2015-08-30T18:27:31Z">
    <groups>
    </groups>
    <test name="Test1" duration-ms="5708" started-at="2015-08-30T18:27:25Z" finished-at="2015-08-30T18:27:31Z">
      <class name="ru.st.selenium.logintest">
        <test-method status="PASS" signature="init()[pri:0, instance:ru.st.selenium.logintest@96532d6]" name="init" is-config="true" duration-ms="3885" started-at="2015-08-30T21:27:25Z" finished-at="2015-08-30T21:27:29Z">
          <reporter-output>
          </reporter-output>
        </test-method> <!-- init -->
        <test-method status="PASS" signature="testUntitled()[pri:0, instance:ru.st.selenium.logintest@96532d6]" name="testUntitled" duration-ms="1807" started-at="2015-08-30T21:27:29Z" finished-at="2015-08-30T21:27:31Z">
          <reporter-output>
          </reporter-output>
        </test-method> <!-- testUntitled -->
        <test-method status="PASS" signature="tearDown()[pri:0, instance:ru.st.selenium.logintest@96532d6]" name="tearDown" is-config="true" duration-ms="107" started-at="2015-08-30T21:27:31Z" finished-at="2015-08-30T21:27:31Z">
          <reporter-output>
          </reporter-output>
        </test-method> <!-- tearDown -->
      </class> <!-- ru.st.selenium.logintest -->
    </test> <!-- Test1 -->
  </suite> <!-- Tests -->
</testng-results>
